# JRE version: OpenJDK Runtime Environment Temurin-17.0.3+7 (17.0.3+7) (build 17.0.3+7)
# Java VM: OpenJDK 64-Bit Server VM Temurin-17.0.3+7 (17.0.3+7, mixed mode, emulated-client, tiered, compressed oops, compressed class ptrs, g1 gc, windows-amd64)
GC Precious Log:
 CPUs: 12 total, 12 available
 Memory: 8042M
 Large Page Support: Disabled
 NUMA Support: Disabled
 Compressed Oops: Enabled (32-bit)
 Heap Region Size: 1M
 Heap Min Capacity: 8M
 Heap Initial Capacity: 126M
 Heap Max Capacity: 2012M
 Pre-touch: Disabled
 Parallel Workers: 10
 Concurrent Workers: 3
 Concurrent Refinement Workers: 10
 Periodic GC: Disabled
Heap:
 garbage-first heap   total 504832K, used 137913K [0x0000000082400000, 0x0000000100000000)
  region size 1024K, 32 young (32768K), 32 survivors (32768K)
 Metaspace       used 35189K, committed 35520K, reserved 1081344K
  class space    used 4568K, committed 4736K, reserved 1048576K
GC Heap History (20 events):
Event: 2.973 GC heap after
{Heap after GC invocations=14 (full 0):
 garbage-first heap   total 102400K, used 62676K [0x0000000082400000, 0x0000000100000000)
  region size 1024K, 3 young (3072K), 3 survivors (3072K)
 Metaspace       used 34997K, committed 35328K, reserved 1081344K
  class space    used 4545K, committed 4736K, reserved 1048576K
}
Event: 2.985 GC heap before
{Heap before GC invocations=14 (full 0):
 garbage-first heap   total 102400K, used 77012K [0x0000000082400000, 0x0000000100000000)
  region size 1024K, 18 young (18432K), 3 survivors (3072K)
 Metaspace       used 35000K, committed 35328K, reserved 1081344K
  class space    used 4545K, committed 4736K, reserved 1048576K
}
Event: 2.995 GC heap after
{Heap after GC invocations=15 (full 0):
 garbage-first heap   total 226304K, used 64327K [0x0000000082400000, 0x0000000100000000)
  region size 1024K, 1 young (1024K), 1 survivors (1024K)
 Metaspace       used 35000K, committed 35328K, reserved 1081344K
  class space    used 4545K, committed 4736K, reserved 1048576K
}
Event: 3.045 GC heap before
{Heap before GC invocations=15 (full 0):
 garbage-first heap   total 226304K, used 133959K [0x0000000082400000, 0x0000000100000000)
  region size 1024K, 71 young (72704K), 1 survivors (1024K)
 Metaspace       used 35007K, committed 35328K, reserved 1081344K
  class space    used 4545K, committed 4736K, reserved 1048576K
}
Event: 3.048 GC heap after
{Heap after GC invocations=16 (full 0):
 garbage-first heap   total 226304K, used 66239K [0x0000000082400000, 0x0000000100000000)
  region size 1024K, 4 young (4096K), 4 survivors (4096K)
 Metaspace       used 35007K, committed 35328K, reserved 1081344K
  class space    used 4545K, committed 4736K, reserved 1048576K
}
Event: 3.084 GC heap before
{Heap before GC invocations=17 (full 0):
 garbage-first heap   total 226304K, used 160447K [0x0000000082400000, 0x0000000100000000)
  region size 1024K, 97 young (99328K), 4 survivors (4096K)
 Metaspace       used 35066K, committed 35392K, reserved 1081344K
  class space    used 4557K, committed 4736K, reserved 1048576K
}
Event: 3.089 GC heap after
{Heap after GC invocations=18 (full 0):
 garbage-first heap   total 226304K, used 69870K [0x0000000082400000, 0x0000000100000000)
  region size 1024K, 8 young (8192K), 8 survivors (8192K)
 Metaspace       used 35066K, committed 35392K, reserved 1081344K
  class space    used 4557K, committed 4736K, reserved 1048576K
}
Event: 3.110 GC heap before
{Heap before GC invocations=18 (full 0):
 garbage-first heap   total 226304K, used 168174K [0x0000000082400000, 0x0000000100000000)
  region size 1024K, 105 young (107520K), 8 survivors (8192K)
 Metaspace       used 35066K, committed 35392K, reserved 1081344K
  class space    used 4557K, committed 4736K, reserved 1048576K
}
Event: 3.116 GC heap after
{Heap after GC invocations=19 (full 0):
 garbage-first heap   total 226304K, used 73733K [0x0000000082400000, 0x0000000100000000)
  region size 1024K, 11 young (11264K), 11 survivors (11264K)
 Metaspace       used 35066K, committed 35392K, reserved 1081344K
  class space    used 4557K, committed 4736K, reserved 1048576K
}
Event: 3.137 GC heap before
{Heap before GC invocations=19 (full 0):
 garbage-first heap   total 226304K, used 173061K [0x0000000082400000, 0x0000000100000000)
  region size 1024K, 109 young (111616K), 11 survivors (11264K)
 Metaspace       used 35066K, committed 35392K, reserved 1081344K
  class space    used 4557K, committed 4736K, reserved 1048576K
}
Event: 3.143 GC heap after
{Heap after GC invocations=20 (full 0):
 garbage-first heap   total 226304K, used 78399K [0x0000000082400000, 0x0000000100000000)
  region size 1024K, 9 young (9216K), 9 survivors (9216K)
 Metaspace       used 35066K, committed 35392K, reserved 1081344K
  class space    used 4557K, committed 4736K, reserved 1048576K
}
Event: 3.167 GC heap before
{Heap before GC invocations=20 (full 0):
 garbage-first heap   total 226304K, used 177727K [0x0000000082400000, 0x0000000100000000)
  region size 1024K, 107 young (109568K), 9 survivors (9216K)
 Metaspace       used 35067K, committed 35392K, reserved 1081344K
  class space    used 4558K, committed 4736K, reserved 1048576K
}
Event: 3.175 GC heap after
{Heap after GC invocations=21 (full 0):
 garbage-first heap   total 504832K, used 82634K [0x0000000082400000, 0x0000000100000000)
  region size 1024K, 9 young (9216K), 9 survivors (9216K)
 Metaspace       used 35067K, committed 35392K, reserved 1081344K
  class space    used 4558K, committed 4736K, reserved 1048576K
}
Event: 3.559 GC heap before
{Heap before GC invocations=21 (full 0):
 garbage-first heap   total 504832K, used 374474K [0x0000000082400000, 0x0000000100000000)
  region size 1024K, 295 young (302080K), 9 survivors (9216K)
 Metaspace       used 35067K, committed 35392K, reserved 1081344K
  class space    used 4558K, committed 4736K, reserved 1048576K
}
Event: 3.589 GC heap after
{Heap after GC invocations=22 (full 0):
 garbage-first heap   total 504832K, used 94751K [0x0000000082400000, 0x0000000100000000)
  region size 1024K, 21 young (21504K), 21 survivors (21504K)
 Metaspace       used 35067K, committed 35392K, reserved 1081344K
  class space    used 4558K, committed 4736K, reserved 1048576K
}
Event: 3.651 GC heap before
{Heap before GC invocations=22 (full 0):
 garbage-first heap   total 504832K, used 374303K [0x0000000082400000, 0x0000000100000000)
  region size 1024K, 295 young (302080K), 21 survivors (21504K)
 Metaspace       used 35067K, committed 35392K, reserved 1081344K
  class space    used 4558K, committed 4736K, reserved 1048576K
}
Event: 3.757 GC heap after
{Heap after GC invocations=23 (full 0):
 garbage-first heap   total 504832K, used 105949K [0x0000000082400000, 0x0000000100000000)
  region size 1024K, 28 young (28672K), 28 survivors (28672K)
 Metaspace       used 35067K, committed 35392K, reserved 1081344K
  class space    used 4558K, committed 4736K, reserved 1048576K
}
Event: 3.822 GC heap before
{Heap before GC invocations=23 (full 0):
 garbage-first heap   total 504832K, used 378333K [0x0000000082400000, 0x0000000100000000)
  region size 1024K, 295 young (302080K), 28 survivors (28672K)
 Metaspace       used 35067K, committed 35392K, reserved 1081344K
  class space    used 4558K, committed 4736K, reserved 1048576K
}
Event: 3.837 GC heap after
{Heap after GC invocations=24 (full 0):
 garbage-first heap   total 504832K, used 121235K [0x0000000082400000, 0x0000000100000000)
  region size 1024K, 27 young (27648K), 27 survivors (27648K)
 Metaspace       used 35067K, committed 35392K, reserved 1081344K
  class space    used 4558K, committed 4736K, reserved 1048576K
}
Event: 10.290 GC heap before
{Heap before GC invocations=24 (full 0):
 garbage-first heap   total 504832K, used 394643K [0x0000000082400000, 0x0000000100000000)
  region size 1024K, 295 young (302080K), 27 survivors (27648K)
 Metaspace       used 35189K, committed 35520K, reserved 1081344K
  class space    used 4568K, committed 4736K, reserved 1048576K
}

