# JRE version: OpenJDK Runtime Environment Temurin-17.0.3+7 (17.0.3+7) (build 17.0.3+7)
# Java VM: OpenJDK 64-Bit Server VM Temurin-17.0.3+7 (17.0.3+7, mixed mode, emulated-client, tiered, compressed oops, compressed class ptrs, g1 gc, windows-amd64)
GC Precious Log:
 CPUs: 12 total, 12 available
 Memory: 8042M
 Large Page Support: Disabled
 NUMA Support: Disabled
 Compressed Oops: Enabled (32-bit)
 Heap Region Size: 1M
 Heap Min Capacity: 8M
 Heap Initial Capacity: 126M
 Heap Max Capacity: 2012M
 Pre-touch: Disabled
 Parallel Workers: 10
 Concurrent Workers: 3
 Concurrent Refinement Workers: 10
 Periodic GC: Disabled
Heap:
 garbage-first heap   total 180224K, used 73154K [0x0000000082400000, 0x0000000100000000)
  region size 1024K, 6 young (6144K), 6 survivors (6144K)
 Metaspace       used 35102K, committed 35392K, reserved 1081344K
  class space    used 4556K, committed 4672K, reserved 1048576K
GC Heap History (20 events):
Event: 104.933 GC heap after
{Heap after GC invocations=8 (full 0):
 garbage-first heap   total 48128K, used 20222K [0x0000000082400000, 0x0000000100000000)
  region size 1024K, 3 young (3072K), 3 survivors (3072K)
 Metaspace       used 31774K, committed 32000K, reserved 1081344K
  class space    used 4004K, committed 4096K, reserved 1048576K
}
Event: 104.970 GC heap before
{Heap before GC invocations=8 (full 0):
 garbage-first heap   total 48128K, used 33534K [0x0000000082400000, 0x0000000100000000)
  region size 1024K, 17 young (17408K), 3 survivors (3072K)
 Metaspace       used 31921K, committed 32128K, reserved 1081344K
  class space    used 4021K, committed 4096K, reserved 1048576K
}
Event: 104.979 GC heap after
{Heap after GC invocations=9 (full 0):
 garbage-first heap   total 48128K, used 23333K [0x0000000082400000, 0x0000000100000000)
  region size 1024K, 3 young (3072K), 3 survivors (3072K)
 Metaspace       used 31921K, committed 32128K, reserved 1081344K
  class space    used 4021K, committed 4096K, reserved 1048576K
}
Event: 105.010 GC heap before
{Heap before GC invocations=9 (full 0):
 garbage-first heap   total 48128K, used 33573K [0x0000000082400000, 0x0000000100000000)
  region size 1024K, 14 young (14336K), 3 survivors (3072K)
 Metaspace       used 32055K, committed 32320K, reserved 1081344K
  class space    used 4039K, committed 4160K, reserved 1048576K
}
Event: 105.015 GC heap after
{Heap after GC invocations=10 (full 0):
 garbage-first heap   total 91136K, used 25566K [0x0000000082400000, 0x0000000100000000)
  region size 1024K, 2 young (2048K), 2 survivors (2048K)
 Metaspace       used 32055K, committed 32320K, reserved 1081344K
  class space    used 4039K, committed 4160K, reserved 1048576K
}
Event: 105.154 GC heap before
{Heap before GC invocations=10 (full 0):
 garbage-first heap   total 91136K, used 63454K [0x0000000082400000, 0x0000000100000000)
  region size 1024K, 39 young (39936K), 2 survivors (2048K)
 Metaspace       used 32986K, committed 33280K, reserved 1081344K
  class space    used 4184K, committed 4352K, reserved 1048576K
}
Event: 105.161 GC heap after
{Heap after GC invocations=11 (full 0):
 garbage-first heap   total 91136K, used 31934K [0x0000000082400000, 0x0000000100000000)
  region size 1024K, 5 young (5120K), 5 survivors (5120K)
 Metaspace       used 32986K, committed 33280K, reserved 1081344K
  class space    used 4184K, committed 4352K, reserved 1048576K
}
Event: 105.233 GC heap before
{Heap before GC invocations=11 (full 0):
 garbage-first heap   total 91136K, used 63678K [0x0000000082400000, 0x0000000100000000)
  region size 1024K, 36 young (36864K), 5 survivors (5120K)
 Metaspace       used 33308K, committed 33600K, reserved 1081344K
  class space    used 4231K, committed 4352K, reserved 1048576K
}
Event: 105.243 GC heap after
{Heap after GC invocations=12 (full 0):
 garbage-first heap   total 91136K, used 40493K [0x0000000082400000, 0x0000000100000000)
  region size 1024K, 5 young (5120K), 5 survivors (5120K)
 Metaspace       used 33308K, committed 33600K, reserved 1081344K
  class space    used 4231K, committed 4352K, reserved 1048576K
}
Event: 105.420 GC heap before
{Heap before GC invocations=12 (full 0):
 garbage-first heap   total 91136K, used 64045K [0x0000000082400000, 0x0000000100000000)
  region size 1024K, 29 young (29696K), 5 survivors (5120K)
 Metaspace       used 33704K, committed 33984K, reserved 1081344K
  class space    used 4291K, committed 4416K, reserved 1048576K
}
Event: 105.427 GC heap after
{Heap after GC invocations=13 (full 0):
 garbage-first heap   total 91136K, used 45791K [0x0000000082400000, 0x0000000100000000)
  region size 1024K, 4 young (4096K), 4 survivors (4096K)
 Metaspace       used 33704K, committed 33984K, reserved 1081344K
  class space    used 4291K, committed 4416K, reserved 1048576K
}
Event: 105.626 GC heap before
{Heap before GC invocations=13 (full 0):
 garbage-first heap   total 91136K, used 56031K [0x0000000082400000, 0x0000000100000000)
  region size 1024K, 16 young (16384K), 4 survivors (4096K)
 Metaspace       used 34510K, committed 34816K, reserved 1081344K
  class space    used 4456K, committed 4608K, reserved 1048576K
}
Event: 105.633 GC heap after
{Heap after GC invocations=14 (full 0):
 garbage-first heap   total 180224K, used 49018K [0x0000000082400000, 0x0000000100000000)
  region size 1024K, 3 young (3072K), 3 survivors (3072K)
 Metaspace       used 34510K, committed 34816K, reserved 1081344K
  class space    used 4456K, committed 4608K, reserved 1048576K
}
Event: 105.818 GC heap before
{Heap before GC invocations=14 (full 0):
 garbage-first heap   total 180224K, used 128890K [0x0000000082400000, 0x0000000100000000)
  region size 1024K, 80 young (81920K), 3 survivors (3072K)
 Metaspace       used 35057K, committed 35328K, reserved 1081344K
  class space    used 4552K, committed 4672K, reserved 1048576K
}
Event: 105.845 GC heap after
{Heap after GC invocations=15 (full 0):
 garbage-first heap   total 180224K, used 64874K [0x0000000082400000, 0x0000000100000000)
  region size 1024K, 10 young (10240K), 10 survivors (10240K)
 Metaspace       used 35057K, committed 35328K, reserved 1081344K
  class space    used 4552K, committed 4672K, reserved 1048576K
}
Event: 105.862 GC heap before
{Heap before GC invocations=15 (full 0):
 garbage-first heap   total 180224K, used 125290K [0x0000000082400000, 0x0000000100000000)
  region size 1024K, 70 young (71680K), 10 survivors (10240K)
 Metaspace       used 35102K, committed 35392K, reserved 1081344K
  class space    used 4556K, committed 4672K, reserved 1048576K
}
Event: 105.868 GC heap after
{Heap after GC invocations=16 (full 0):
 garbage-first heap   total 180224K, used 68685K [0x0000000082400000, 0x0000000100000000)
  region size 1024K, 4 young (4096K), 4 survivors (4096K)
 Metaspace       used 35102K, committed 35392K, reserved 1081344K
  class space    used 4556K, committed 4672K, reserved 1048576K
}
Event: 105.887 GC heap before
{Heap before GC invocations=16 (full 0):
 garbage-first heap   total 180224K, used 130125K [0x0000000082400000, 0x0000000100000000)
  region size 1024K, 65 young (66560K), 4 survivors (4096K)
 Metaspace       used 35102K, committed 35392K, reserved 1081344K
  class space    used 4556K, committed 4672K, reserved 1048576K
}
Event: 105.891 GC heap after
{Heap after GC invocations=17 (full 0):
 garbage-first heap   total 180224K, used 70239K [0x0000000082400000, 0x0000000100000000)
  region size 1024K, 5 young (5120K), 5 survivors (5120K)
 Metaspace       used 35102K, committed 35392K, reserved 1081344K
  class space    used 4556K, committed 4672K, reserved 1048576K
}
Event: 105.911 GC heap before
{Heap before GC invocations=17 (full 0):
 garbage-first heap   total 180224K, used 133727K [0x0000000082400000, 0x0000000100000000)
  region size 1024K, 68 young (69632K), 5 survivors (5120K)
 Metaspace       used 35102K, committed 35392K, reserved 1081344K
  class space    used 4556K, committed 4672K, reserved 1048576K
}

