# JRE version: OpenJDK Runtime Environment Temurin-17.0.3+7 (17.0.3+7) (build 17.0.3+7)
# Java VM: OpenJDK 64-Bit Server VM Temurin-17.0.3+7 (17.0.3+7, mixed mode, emulated-client, tiered, compressed oops, compressed class ptrs, g1 gc, windows-amd64)
GC Precious Log:
 CPUs: 12 total, 12 available
 Memory: 8042M
 Large Page Support: Disabled
 NUMA Support: Disabled
 Compressed Oops: Enabled (32-bit)
 Heap Region Size: 1M
 Heap Min Capacity: 8M
 Heap Initial Capacity: 126M
 Heap Max Capacity: 2012M
 Pre-touch: Disabled
 Parallel Workers: 10
 Concurrent Workers: 3
 Concurrent Refinement Workers: 10
 Periodic GC: Disabled
Heap:
 garbage-first heap   total 195584K, used 74318K [0x0000000082400000, 0x0000000100000000)
  region size 1024K, 6 young (6144K), 6 survivors (6144K)
 Metaspace       used 35056K, committed 35328K, reserved 1081344K
  class space    used 4561K, committed 4672K, reserved 1048576K
GC Heap History (20 events):
Event: 2.885 GC heap after
{Heap after GC invocations=10 (full 0):
 garbage-first heap   total 49152K, used 24536K [0x0000000082400000, 0x0000000100000000)
  region size 1024K, 3 young (3072K), 3 survivors (3072K)
 Metaspace       used 32955K, committed 33280K, reserved 1081344K
  class space    used 4178K, committed 4352K, reserved 1048576K
}
Event: 2.924 GC heap before
{Heap before GC invocations=10 (full 0):
 garbage-first heap   total 49152K, used 35800K [0x0000000082400000, 0x0000000100000000)
  region size 1024K, 15 young (15360K), 3 survivors (3072K)
 Metaspace       used 33296K, committed 33536K, reserved 1081344K
  class space    used 4231K, committed 4352K, reserved 1048576K
}
Event: 2.927 GC heap after
{Heap after GC invocations=11 (full 0):
 garbage-first heap   total 76800K, used 26624K [0x0000000082400000, 0x0000000100000000)
  region size 1024K, 2 young (2048K), 2 survivors (2048K)
 Metaspace       used 33296K, committed 33536K, reserved 1081344K
  class space    used 4231K, committed 4352K, reserved 1048576K
}
Event: 2.994 GC heap before
{Heap before GC invocations=11 (full 0):
 garbage-first heap   total 76800K, used 54272K [0x0000000082400000, 0x0000000100000000)
  region size 1024K, 29 young (29696K), 2 survivors (2048K)
 Metaspace       used 33703K, committed 33984K, reserved 1081344K
  class space    used 4294K, committed 4416K, reserved 1048576K
}
Event: 2.999 GC heap after
{Heap after GC invocations=12 (full 0):
 garbage-first heap   total 76800K, used 31159K [0x0000000082400000, 0x0000000100000000)
  region size 1024K, 4 young (4096K), 4 survivors (4096K)
 Metaspace       used 33703K, committed 33984K, reserved 1081344K
  class space    used 4294K, committed 4416K, reserved 1048576K
}
Event: 3.041 GC heap before
{Heap before GC invocations=12 (full 0):
 garbage-first heap   total 76800K, used 55735K [0x0000000082400000, 0x0000000100000000)
  region size 1024K, 28 young (28672K), 4 survivors (4096K)
 Metaspace       used 34096K, committed 34368K, reserved 1081344K
  class space    used 4354K, committed 4480K, reserved 1048576K
}
Event: 3.048 GC heap after
{Heap after GC invocations=13 (full 0):
 garbage-first heap   total 76800K, used 38889K [0x0000000082400000, 0x0000000100000000)
  region size 1024K, 4 young (4096K), 4 survivors (4096K)
 Metaspace       used 34096K, committed 34368K, reserved 1081344K
  class space    used 4354K, committed 4480K, reserved 1048576K
}
Event: 3.090 GC heap before
{Heap before GC invocations=13 (full 0):
 garbage-first heap   total 76800K, used 56297K [0x0000000082400000, 0x0000000100000000)
  region size 1024K, 21 young (21504K), 4 survivors (4096K)
 Metaspace       used 34461K, committed 34752K, reserved 1081344K
  class space    used 4441K, committed 4544K, reserved 1048576K
}
Event: 3.094 GC heap after
{Heap after GC invocations=14 (full 0):
 garbage-first heap   total 76800K, used 42673K [0x0000000082400000, 0x0000000100000000)
  region size 1024K, 3 young (3072K), 3 survivors (3072K)
 Metaspace       used 34461K, committed 34752K, reserved 1081344K
  class space    used 4441K, committed 4544K, reserved 1048576K
}
Event: 3.197 GC heap before
{Heap before GC invocations=15 (full 0):
 garbage-first heap   total 96256K, used 57009K [0x0000000082400000, 0x0000000100000000)
  region size 1024K, 18 young (18432K), 3 survivors (3072K)
 Metaspace       used 34885K, committed 35136K, reserved 1081344K
  class space    used 4536K, committed 4672K, reserved 1048576K
}
Event: 3.202 GC heap after
{Heap after GC invocations=16 (full 0):
 garbage-first heap   total 96256K, used 46056K [0x0000000082400000, 0x0000000100000000)
  region size 1024K, 3 young (3072K), 3 survivors (3072K)
 Metaspace       used 34885K, committed 35136K, reserved 1081344K
  class space    used 4536K, committed 4672K, reserved 1048576K
}
Event: 3.380 GC heap before
{Heap before GC invocations=16 (full 0):
 garbage-first heap   total 96256K, used 54248K [0x0000000082400000, 0x0000000100000000)
  region size 1024K, 13 young (13312K), 3 survivors (3072K)
 Metaspace       used 34886K, committed 35136K, reserved 1081344K
  class space    used 4536K, committed 4672K, reserved 1048576K
}
Event: 3.386 GC heap after
{Heap after GC invocations=17 (full 0):
 garbage-first heap   total 195584K, used 48767K [0x0000000082400000, 0x0000000100000000)
  region size 1024K, 3 young (3072K), 3 survivors (3072K)
 Metaspace       used 34886K, committed 35136K, reserved 1081344K
  class space    used 4536K, committed 4672K, reserved 1048576K
}
Event: 3.538 GC heap before
{Heap before GC invocations=17 (full 0):
 garbage-first heap   total 195584K, used 140927K [0x0000000082400000, 0x0000000100000000)
  region size 1024K, 92 young (94208K), 3 survivors (3072K)
 Metaspace       used 35041K, committed 35328K, reserved 1081344K
  class space    used 4559K, committed 4672K, reserved 1048576K
}
Event: 3.566 GC heap after
{Heap after GC invocations=18 (full 0):
 garbage-first heap   total 195584K, used 64957K [0x0000000082400000, 0x0000000100000000)
  region size 1024K, 12 young (12288K), 12 survivors (12288K)
 Metaspace       used 35041K, committed 35328K, reserved 1081344K
  class space    used 4559K, committed 4672K, reserved 1048576K
}
Event: 3.589 GC heap before
{Heap before GC invocations=18 (full 0):
 garbage-first heap   total 195584K, used 139709K [0x0000000082400000, 0x0000000100000000)
  region size 1024K, 86 young (88064K), 12 survivors (12288K)
 Metaspace       used 35056K, committed 35328K, reserved 1081344K
  class space    used 4561K, committed 4672K, reserved 1048576K
}
Event: 3.596 GC heap after
{Heap after GC invocations=19 (full 0):
 garbage-first heap   total 195584K, used 69122K [0x0000000082400000, 0x0000000100000000)
  region size 1024K, 4 young (4096K), 4 survivors (4096K)
 Metaspace       used 35056K, committed 35328K, reserved 1081344K
  class space    used 4561K, committed 4672K, reserved 1048576K
}
Event: 3.619 GC heap before
{Heap before GC invocations=19 (full 0):
 garbage-first heap   total 195584K, used 143874K [0x0000000082400000, 0x0000000100000000)
  region size 1024K, 78 young (79872K), 4 survivors (4096K)
 Metaspace       used 35056K, committed 35328K, reserved 1081344K
  class space    used 4561K, committed 4672K, reserved 1048576K
}
Event: 3.622 GC heap after
{Heap after GC invocations=20 (full 0):
 garbage-first heap   total 195584K, used 71435K [0x0000000082400000, 0x0000000100000000)
  region size 1024K, 7 young (7168K), 7 survivors (7168K)
 Metaspace       used 35056K, committed 35328K, reserved 1081344K
  class space    used 4561K, committed 4672K, reserved 1048576K
}
Event: 3.643 GC heap before
{Heap before GC invocations=20 (full 0):
 garbage-first heap   total 195584K, used 148235K [0x0000000082400000, 0x0000000100000000)
  region size 1024K, 83 young (84992K), 7 survivors (7168K)
 Metaspace       used 35056K, committed 35328K, reserved 1081344K
  class space    used 4561K, committed 4672K, reserved 1048576K
}

