# JRE version: OpenJDK Runtime Environment Temurin-17.0.3+7 (17.0.3+7) (build 17.0.3+7)
# Java VM: OpenJDK 64-Bit Server VM Temurin-17.0.3+7 (17.0.3+7, mixed mode, emulated-client, tiered, compressed oops, compressed class ptrs, g1 gc, windows-amd64)
GC Precious Log:
 CPUs: 12 total, 12 available
 Memory: 8042M
 Large Page Support: Disabled
 NUMA Support: Disabled
 Compressed Oops: Enabled (32-bit)
 Heap Region Size: 1M
 Heap Min Capacity: 8M
 Heap Initial Capacity: 126M
 Heap Max Capacity: 2012M
 Pre-touch: Disabled
 Parallel Workers: 10
 Concurrent Workers: 3
 Concurrent Refinement Workers: 10
 Periodic GC: Disabled
Heap:
 garbage-first heap   total 437248K, used 127562K [0x0000000082400000, 0x0000000100000000)
  region size 1024K, 27 young (27648K), 27 survivors (27648K)
 Metaspace       used 35070K, committed 35328K, reserved 1081344K
  class space    used 4561K, committed 4672K, reserved 1048576K
GC Heap History (20 events):
Event: 3.128 GC heap after
{Heap after GC invocations=14 (full 0):
 garbage-first heap   total 102400K, used 63298K [0x0000000082400000, 0x0000000100000000)
  region size 1024K, 3 young (3072K), 3 survivors (3072K)
 Metaspace       used 34999K, committed 35264K, reserved 1081344K
  class space    used 4548K, committed 4672K, reserved 1048576K
}
Event: 3.148 GC heap before
{Heap before GC invocations=14 (full 0):
 garbage-first heap   total 102400K, used 77634K [0x0000000082400000, 0x0000000100000000)
  region size 1024K, 18 young (18432K), 3 survivors (3072K)
 Metaspace       used 35002K, committed 35264K, reserved 1081344K
  class space    used 4548K, committed 4672K, reserved 1048576K
}
Event: 3.155 GC heap after
{Heap after GC invocations=15 (full 0):
 garbage-first heap   total 207872K, used 65038K [0x0000000082400000, 0x0000000100000000)
  region size 1024K, 1 young (1024K), 1 survivors (1024K)
 Metaspace       used 35002K, committed 35264K, reserved 1081344K
  class space    used 4548K, committed 4672K, reserved 1048576K
}
Event: 3.200 GC heap before
{Heap before GC invocations=15 (full 0):
 garbage-first heap   total 207872K, used 127502K [0x0000000082400000, 0x0000000100000000)
  region size 1024K, 64 young (65536K), 1 survivors (1024K)
 Metaspace       used 35020K, committed 35264K, reserved 1081344K
  class space    used 4554K, committed 4672K, reserved 1048576K
}
Event: 3.203 GC heap after
{Heap after GC invocations=16 (full 0):
 garbage-first heap   total 207872K, used 66600K [0x0000000082400000, 0x0000000100000000)
  region size 1024K, 4 young (4096K), 4 survivors (4096K)
 Metaspace       used 35020K, committed 35264K, reserved 1081344K
  class space    used 4554K, committed 4672K, reserved 1048576K
}
Event: 3.233 GC heap before
{Heap before GC invocations=17 (full 0):
 garbage-first heap   total 207872K, used 148520K [0x0000000082400000, 0x0000000100000000)
  region size 1024K, 85 young (87040K), 4 survivors (4096K)
 Metaspace       used 35070K, committed 35328K, reserved 1081344K
  class space    used 4561K, committed 4672K, reserved 1048576K
}
Event: 3.237 GC heap after
{Heap after GC invocations=18 (full 0):
 garbage-first heap   total 207872K, used 69947K [0x0000000082400000, 0x0000000100000000)
  region size 1024K, 7 young (7168K), 7 survivors (7168K)
 Metaspace       used 35070K, committed 35328K, reserved 1081344K
  class space    used 4561K, committed 4672K, reserved 1048576K
}
Event: 3.269 GC heap before
{Heap before GC invocations=18 (full 0):
 garbage-first heap   total 207872K, used 153915K [0x0000000082400000, 0x0000000100000000)
  region size 1024K, 90 young (92160K), 7 survivors (7168K)
 Metaspace       used 35070K, committed 35328K, reserved 1081344K
  class space    used 4561K, committed 4672K, reserved 1048576K
}
Event: 3.274 GC heap after
{Heap after GC invocations=19 (full 0):
 garbage-first heap   total 207872K, used 73849K [0x0000000082400000, 0x0000000100000000)
  region size 1024K, 10 young (10240K), 10 survivors (10240K)
 Metaspace       used 35070K, committed 35328K, reserved 1081344K
  class space    used 4561K, committed 4672K, reserved 1048576K
}
Event: 3.302 GC heap before
{Heap before GC invocations=19 (full 0):
 garbage-first heap   total 207872K, used 158841K [0x0000000082400000, 0x0000000100000000)
  region size 1024K, 94 young (96256K), 10 survivors (10240K)
 Metaspace       used 35070K, committed 35328K, reserved 1081344K
  class space    used 4561K, committed 4672K, reserved 1048576K
}
Event: 3.308 GC heap after
{Heap after GC invocations=20 (full 0):
 garbage-first heap   total 207872K, used 76768K [0x0000000082400000, 0x0000000100000000)
  region size 1024K, 7 young (7168K), 7 survivors (7168K)
 Metaspace       used 35070K, committed 35328K, reserved 1081344K
  class space    used 4561K, committed 4672K, reserved 1048576K
}
Event: 3.375 GC heap before
{Heap before GC invocations=20 (full 0):
 garbage-first heap   total 207872K, used 163808K [0x0000000082400000, 0x0000000100000000)
  region size 1024K, 93 young (95232K), 7 survivors (7168K)
 Metaspace       used 35070K, committed 35328K, reserved 1081344K
  class space    used 4561K, committed 4672K, reserved 1048576K
}
Event: 3.381 GC heap after
{Heap after GC invocations=21 (full 0):
 garbage-first heap   total 437248K, used 81053K [0x0000000082400000, 0x0000000100000000)
  region size 1024K, 8 young (8192K), 8 survivors (8192K)
 Metaspace       used 35070K, committed 35328K, reserved 1081344K
  class space    used 4561K, committed 4672K, reserved 1048576K
}
Event: 3.789 GC heap before
{Heap before GC invocations=21 (full 0):
 garbage-first heap   total 437248K, used 333981K [0x0000000082400000, 0x0000000100000000)
  region size 1024K, 256 young (262144K), 8 survivors (8192K)
 Metaspace       used 35070K, committed 35328K, reserved 1081344K
  class space    used 4561K, committed 4672K, reserved 1048576K
}
Event: 3.821 GC heap after
{Heap after GC invocations=22 (full 0):
 garbage-first heap   total 437248K, used 90761K [0x0000000082400000, 0x0000000100000000)
  region size 1024K, 18 young (18432K), 18 survivors (18432K)
 Metaspace       used 35070K, committed 35328K, reserved 1081344K
  class space    used 4561K, committed 4672K, reserved 1048576K
}
Event: 3.941 GC heap before
{Heap before GC invocations=22 (full 0):
 garbage-first heap   total 437248K, used 333449K [0x0000000082400000, 0x0000000100000000)
  region size 1024K, 256 young (262144K), 18 survivors (18432K)
 Metaspace       used 35070K, committed 35328K, reserved 1081344K
  class space    used 4561K, committed 4672K, reserved 1048576K
}
Event: 3.954 GC heap after
{Heap after GC invocations=23 (full 0):
 garbage-first heap   total 437248K, used 100561K [0x0000000082400000, 0x0000000100000000)
  region size 1024K, 24 young (24576K), 24 survivors (24576K)
 Metaspace       used 35070K, committed 35328K, reserved 1081344K
  class space    used 4561K, committed 4672K, reserved 1048576K
}
Event: 4.055 GC heap before
{Heap before GC invocations=23 (full 0):
 garbage-first heap   total 437248K, used 337105K [0x0000000082400000, 0x0000000100000000)
  region size 1024K, 256 young (262144K), 24 survivors (24576K)
 Metaspace       used 35070K, committed 35328K, reserved 1081344K
  class space    used 4561K, committed 4672K, reserved 1048576K
}
Event: 4.070 GC heap after
{Heap after GC invocations=24 (full 0):
 garbage-first heap   total 437248K, used 111058K [0x0000000082400000, 0x0000000100000000)
  region size 1024K, 20 young (20480K), 20 survivors (20480K)
 Metaspace       used 35070K, committed 35328K, reserved 1081344K
  class space    used 4561K, committed 4672K, reserved 1048576K
}
Event: 4.194 GC heap before
{Heap before GC invocations=24 (full 0):
 garbage-first heap   total 437248K, used 351698K [0x0000000082400000, 0x0000000100000000)
  region size 1024K, 256 young (262144K), 20 survivors (20480K)
 Metaspace       used 35070K, committed 35328K, reserved 1081344K
  class space    used 4561K, committed 4672K, reserved 1048576K
}

